{"C:\\Users\\Shoba\\Downloads\\carbon reduce\\src\\services\\mockServices.ts": {"path":"C:\\Users\\Shoba\\Downloads\\carbon reduce\\src\\services\\mockServices.ts","statementMap":{"0":{"start":{"line":96,"column":35},"end":{"line":101,"column":null}},"1":{"start":{"line":104,"column":30},"end":{"line":111,"column":null}},"2":{"start":{"line":113,"column":34},"end":{"line":113,"column":null}},"3":{"start":{"line":115,"column":28},"end":{"line":123,"column":null}},"4":{"start":{"line":125,"column":32},"end":{"line":131,"column":null}},"5":{"start":{"line":133,"column":34},"end":{"line":143,"column":null}},"6":{"start":{"line":145,"column":37},"end":{"line":150,"column":null}},"7":{"start":{"line":152,"column":40},"end":{"line":158,"column":null}},"8":{"start":{"line":160,"column":46},"end":{"line":165,"column":null}},"9":{"start":{"line":167,"column":13},"end":{"line":170,"column":null}},"10":{"start":{"line":168,"column":15},"end":{"line":168,"column":null}},"11":{"start":{"line":169,"column":2},"end":{"line":169,"column":null}},"12":{"start":{"line":172,"column":13},"end":{"line":174,"column":null}},"13":{"start":{"line":173,"column":2},"end":{"line":173,"column":null}},"14":{"start":{"line":177,"column":13},"end":{"line":199,"column":null}},"15":{"start":{"line":178,"column":12},"end":{"line":178,"column":null}},"16":{"start":{"line":180,"column":2},"end":{"line":196,"column":null}},"17":{"start":{"line":182,"column":27},"end":{"line":182,"column":null}},"18":{"start":{"line":183,"column":6},"end":{"line":183,"column":null}},"19":{"start":{"line":184,"column":6},"end":{"line":184,"column":null}},"20":{"start":{"line":186,"column":6},"end":{"line":186,"column":null}},"21":{"start":{"line":187,"column":6},"end":{"line":187,"column":null}},"22":{"start":{"line":189,"column":25},"end":{"line":189,"column":null}},"23":{"start":{"line":190,"column":6},"end":{"line":190,"column":null}},"24":{"start":{"line":191,"column":6},"end":{"line":191,"column":null}},"25":{"start":{"line":193,"column":25},"end":{"line":193,"column":null}},"26":{"start":{"line":194,"column":6},"end":{"line":194,"column":null}},"27":{"start":{"line":195,"column":6},"end":{"line":195,"column":null}},"28":{"start":{"line":198,"column":2},"end":{"line":198,"column":null}},"29":{"start":{"line":201,"column":24},"end":{"line":248,"column":null}},"30":{"start":{"line":203,"column":4},"end":{"line":203,"column":null}},"31":{"start":{"line":206,"column":17},"end":{"line":206,"column":null}},"32":{"start":{"line":207,"column":20},"end":{"line":207,"column":null}},"33":{"start":{"line":208,"column":4},"end":{"line":208,"column":null}},"34":{"start":{"line":210,"column":4},"end":{"line":212,"column":null}},"35":{"start":{"line":211,"column":6},"end":{"line":211,"column":null}},"36":{"start":{"line":215,"column":25},"end":{"line":215,"column":null}},"37":{"start":{"line":216,"column":4},"end":{"line":219,"column":null}},"38":{"start":{"line":217,"column":12},"end":{"line":217,"column":null}},"39":{"start":{"line":218,"column":6},"end":{"line":218,"column":null}},"40":{"start":{"line":218,"column":61},"end":{"line":218,"column":111}},"41":{"start":{"line":221,"column":4},"end":{"line":221,"column":null}},"42":{"start":{"line":224,"column":26},"end":{"line":224,"column":null}},"43":{"start":{"line":225,"column":34},"end":{"line":225,"column":null}},"44":{"start":{"line":227,"column":4},"end":{"line":232,"column":null}},"45":{"start":{"line":228,"column":6},"end":{"line":231,"column":null}},"46":{"start":{"line":229,"column":8},"end":{"line":229,"column":null}},"47":{"start":{"line":230,"column":8},"end":{"line":230,"column":null}},"48":{"start":{"line":234,"column":4},"end":{"line":240,"column":null}},"49":{"start":{"line":235,"column":22},"end":{"line":235,"column":null}},"50":{"start":{"line":236,"column":6},"end":{"line":236,"column":null}},"51":{"start":{"line":238,"column":22},"end":{"line":238,"column":null}},"52":{"start":{"line":239,"column":6},"end":{"line":239,"column":null}},"53":{"start":{"line":243,"column":4},"end":{"line":243,"column":null}},"54":{"start":{"line":244,"column":4},"end":{"line":244,"column":null}},"55":{"start":{"line":245,"column":4},"end":{"line":245,"column":null}},"56":{"start":{"line":246,"column":4},"end":{"line":246,"column":null}},"57":{"start":{"line":250,"column":29},"end":{"line":436,"column":null}},"58":{"start":{"line":252,"column":4},"end":{"line":252,"column":null}},"59":{"start":{"line":261,"column":17},"end":{"line":261,"column":null}},"60":{"start":{"line":264,"column":19},"end":{"line":264,"column":null}},"61":{"start":{"line":265,"column":4},"end":{"line":280,"column":null}},"62":{"start":{"line":266,"column":6},"end":{"line":279,"column":null}},"63":{"start":{"line":266,"column":33},"end":{"line":266,"column":null}},"64":{"start":{"line":267,"column":11},"end":{"line":279,"column":null}},"65":{"start":{"line":267,"column":38},"end":{"line":267,"column":null}},"66":{"start":{"line":268,"column":11},"end":{"line":279,"column":null}},"67":{"start":{"line":269,"column":8},"end":{"line":272,"column":null}},"68":{"start":{"line":269,"column":56},"end":{"line":269,"column":null}},"69":{"start":{"line":270,"column":13},"end":{"line":272,"column":null}},"70":{"start":{"line":270,"column":64},"end":{"line":270,"column":null}},"71":{"start":{"line":271,"column":13},"end":{"line":272,"column":null}},"72":{"start":{"line":271,"column":62},"end":{"line":271,"column":null}},"73":{"start":{"line":272,"column":13},"end":{"line":272,"column":null}},"74":{"start":{"line":274,"column":8},"end":{"line":278,"column":null}},"75":{"start":{"line":274,"column":59},"end":{"line":274,"column":null}},"76":{"start":{"line":275,"column":13},"end":{"line":278,"column":null}},"77":{"start":{"line":275,"column":112},"end":{"line":275,"column":null}},"78":{"start":{"line":276,"column":13},"end":{"line":278,"column":null}},"79":{"start":{"line":276,"column":115},"end":{"line":276,"column":null}},"80":{"start":{"line":277,"column":13},"end":{"line":278,"column":null}},"81":{"start":{"line":277,"column":63},"end":{"line":277,"column":null}},"82":{"start":{"line":278,"column":13},"end":{"line":278,"column":null}},"83":{"start":{"line":283,"column":25},"end":{"line":283,"column":null}},"84":{"start":{"line":285,"column":33},"end":{"line":294,"column":null}},"85":{"start":{"line":296,"column":24},"end":{"line":296,"column":null}},"86":{"start":{"line":297,"column":4},"end":{"line":297,"column":null}},"87":{"start":{"line":300,"column":25},"end":{"line":300,"column":null}},"88":{"start":{"line":301,"column":4},"end":{"line":304,"column":null}},"89":{"start":{"line":302,"column":12},"end":{"line":302,"column":null}},"90":{"start":{"line":303,"column":6},"end":{"line":303,"column":null}},"91":{"start":{"line":303,"column":42},"end":{"line":303,"column":87}},"92":{"start":{"line":307,"column":17},"end":{"line":307,"column":null}},"93":{"start":{"line":308,"column":4},"end":{"line":311,"column":null}},"94":{"start":{"line":314,"column":4},"end":{"line":314,"column":null}},"95":{"start":{"line":316,"column":4},"end":{"line":316,"column":null}},"96":{"start":{"line":319,"column":17},"end":{"line":319,"column":null}},"97":{"start":{"line":320,"column":21},"end":{"line":320,"column":null}},"98":{"start":{"line":320,"column":40},"end":{"line":320,"column":53}},"99":{"start":{"line":321,"column":4},"end":{"line":321,"column":null}},"100":{"start":{"line":324,"column":25},"end":{"line":324,"column":null}},"101":{"start":{"line":325,"column":4},"end":{"line":328,"column":null}},"102":{"start":{"line":326,"column":12},"end":{"line":326,"column":null}},"103":{"start":{"line":327,"column":6},"end":{"line":327,"column":null}},"104":{"start":{"line":327,"column":37},"end":{"line":327,"column":85}},"105":{"start":{"line":330,"column":4},"end":{"line":330,"column":null}},"106":{"start":{"line":331,"column":4},"end":{"line":331,"column":null}},"107":{"start":{"line":334,"column":4},"end":{"line":334,"column":null}},"108":{"start":{"line":337,"column":23},"end":{"line":337,"column":null}},"109":{"start":{"line":338,"column":17},"end":{"line":338,"column":null}},"110":{"start":{"line":341,"column":20},"end":{"line":347,"column":null}},"111":{"start":{"line":342,"column":6},"end":{"line":345,"column":null}},"112":{"start":{"line":343,"column":8},"end":{"line":343,"column":null}},"113":{"start":{"line":344,"column":8},"end":{"line":344,"column":null}},"114":{"start":{"line":346,"column":6},"end":{"line":346,"column":null}},"115":{"start":{"line":349,"column":4},"end":{"line":349,"column":null}},"116":{"start":{"line":352,"column":25},"end":{"line":352,"column":null}},"117":{"start":{"line":353,"column":4},"end":{"line":356,"column":null}},"118":{"start":{"line":354,"column":12},"end":{"line":354,"column":null}},"119":{"start":{"line":355,"column":6},"end":{"line":355,"column":null}},"120":{"start":{"line":355,"column":43},"end":{"line":355,"column":98}},"121":{"start":{"line":358,"column":24},"end":{"line":361,"column":null}},"122":{"start":{"line":363,"column":4},"end":{"line":363,"column":null}},"123":{"start":{"line":366,"column":17},"end":{"line":366,"column":null}},"124":{"start":{"line":367,"column":17},"end":{"line":367,"column":null}},"125":{"start":{"line":368,"column":4},"end":{"line":373,"column":null}},"126":{"start":{"line":369,"column":6},"end":{"line":371,"column":null}},"127":{"start":{"line":370,"column":8},"end":{"line":370,"column":null}},"128":{"start":{"line":372,"column":6},"end":{"line":372,"column":null}},"129":{"start":{"line":373,"column":22},"end":{"line":373,"column":40}},"130":{"start":{"line":373,"column":57},"end":{"line":373,"column":74}},"131":{"start":{"line":378,"column":4},"end":{"line":378,"column":null}},"132":{"start":{"line":381,"column":18},"end":{"line":381,"column":null}},"133":{"start":{"line":381,"column":52},"end":{"line":381,"column":77}},"134":{"start":{"line":382,"column":4},"end":{"line":382,"column":null}},"135":{"start":{"line":382,"column":20},"end":{"line":382,"column":null}},"136":{"start":{"line":384,"column":20},"end":{"line":390,"column":null}},"137":{"start":{"line":386,"column":8},"end":{"line":386,"column":null}},"138":{"start":{"line":387,"column":8},"end":{"line":387,"column":null}},"139":{"start":{"line":392,"column":40},"end":{"line":392,"column":null}},"140":{"start":{"line":393,"column":20},"end":{"line":393,"column":null}},"141":{"start":{"line":396,"column":4},"end":{"line":403,"column":null}},"142":{"start":{"line":397,"column":6},"end":{"line":402,"column":null}},"143":{"start":{"line":405,"column":4},"end":{"line":412,"column":null}},"144":{"start":{"line":406,"column":6},"end":{"line":411,"column":null}},"145":{"start":{"line":414,"column":20},"end":{"line":414,"column":null}},"146":{"start":{"line":414,"column":42},"end":{"line":414,"column":91}},"147":{"start":{"line":415,"column":4},"end":{"line":422,"column":null}},"148":{"start":{"line":416,"column":6},"end":{"line":421,"column":null}},"149":{"start":{"line":424,"column":23},"end":{"line":424,"column":null}},"150":{"start":{"line":424,"column":45},"end":{"line":424,"column":101}},"151":{"start":{"line":425,"column":4},"end":{"line":432,"column":null}},"152":{"start":{"line":426,"column":6},"end":{"line":431,"column":null}},"153":{"start":{"line":434,"column":4},"end":{"line":434,"column":null}},"154":{"start":{"line":438,"column":28},"end":{"line":749,"column":null}},"155":{"start":{"line":441,"column":31},"end":{"line":441,"column":null}},"156":{"start":{"line":443,"column":4},"end":{"line":634,"column":null}},"157":{"start":{"line":444,"column":32},"end":{"line":475,"column":null}},"158":{"start":{"line":477,"column":6},"end":{"line":486,"column":null}},"159":{"start":{"line":478,"column":8},"end":{"line":483,"column":null}},"160":{"start":{"line":485,"column":8},"end":{"line":485,"column":null}},"161":{"start":{"line":488,"column":23},"end":{"line":503,"column":null}},"162":{"start":{"line":505,"column":19},"end":{"line":505,"column":null}},"163":{"start":{"line":506,"column":6},"end":{"line":508,"column":null}},"164":{"start":{"line":507,"column":8},"end":{"line":507,"column":null}},"165":{"start":{"line":510,"column":25},"end":{"line":510,"column":null}},"166":{"start":{"line":511,"column":6},"end":{"line":511,"column":null}},"167":{"start":{"line":513,"column":21},"end":{"line":513,"column":null}},"168":{"start":{"line":515,"column":24},"end":{"line":529,"column":null}},"169":{"start":{"line":531,"column":26},"end":{"line":531,"column":null}},"170":{"start":{"line":532,"column":28},"end":{"line":532,"column":null}},"171":{"start":{"line":534,"column":27},"end":{"line":545,"column":null}},"172":{"start":{"line":535,"column":23},"end":{"line":535,"column":null}},"173":{"start":{"line":536,"column":29},"end":{"line":536,"column":null}},"174":{"start":{"line":537,"column":31},"end":{"line":537,"column":null}},"175":{"start":{"line":538,"column":8},"end":{"line":544,"column":null}},"176":{"start":{"line":547,"column":6},"end":{"line":555,"column":null}},"177":{"start":{"line":558,"column":6},"end":{"line":558,"column":null}},"178":{"start":{"line":560,"column":6},"end":{"line":560,"column":null}},"179":{"start":{"line":560,"column":35},"end":{"line":560,"column":60}},"180":{"start":{"line":561,"column":24},"end":{"line":561,"column":null}},"181":{"start":{"line":563,"column":6},"end":{"line":580,"column":null}},"182":{"start":{"line":564,"column":23},"end":{"line":564,"column":null}},"183":{"start":{"line":565,"column":8},"end":{"line":579,"column":null}},"184":{"start":{"line":582,"column":6},"end":{"line":598,"column":null}},"185":{"start":{"line":583,"column":20},"end":{"line":583,"column":null}},"186":{"start":{"line":584,"column":8},"end":{"line":597,"column":null}},"187":{"start":{"line":600,"column":6},"end":{"line":617,"column":null}},"188":{"start":{"line":601,"column":23},"end":{"line":601,"column":null}},"189":{"start":{"line":602,"column":31},"end":{"line":602,"column":null}},"190":{"start":{"line":603,"column":8},"end":{"line":616,"column":null}},"191":{"start":{"line":619,"column":21},"end":{"line":619,"column":null}},"192":{"start":{"line":620,"column":6},"end":{"line":633,"column":null}},"193":{"start":{"line":639,"column":31},"end":{"line":639,"column":null}},"194":{"start":{"line":642,"column":18},"end":{"line":642,"column":null}},"195":{"start":{"line":642,"column":52},"end":{"line":642,"column":77}},"196":{"start":{"line":643,"column":20},"end":{"line":649,"column":null}},"197":{"start":{"line":645,"column":8},"end":{"line":645,"column":null}},"198":{"start":{"line":646,"column":8},"end":{"line":646,"column":null}},"199":{"start":{"line":651,"column":22},"end":{"line":651,"column":null}},"200":{"start":{"line":652,"column":22},"end":{"line":652,"column":null}},"201":{"start":{"line":653,"column":20},"end":{"line":653,"column":null}},"202":{"start":{"line":654,"column":20},"end":{"line":654,"column":null}},"203":{"start":{"line":656,"column":4},"end":{"line":747,"column":null}},"204":{"start":{"line":657,"column":27},"end":{"line":661,"column":null}},"205":{"start":{"line":671,"column":23},"end":{"line":687,"column":null}},"206":{"start":{"line":689,"column":19},"end":{"line":689,"column":null}},"207":{"start":{"line":690,"column":6},"end":{"line":692,"column":null}},"208":{"start":{"line":691,"column":8},"end":{"line":691,"column":null}},"209":{"start":{"line":693,"column":6},"end":{"line":693,"column":null}},"210":{"start":{"line":696,"column":6},"end":{"line":696,"column":null}},"211":{"start":{"line":698,"column":6},"end":{"line":698,"column":null}},"212":{"start":{"line":698,"column":35},"end":{"line":698,"column":60}},"213":{"start":{"line":699,"column":24},"end":{"line":699,"column":null}},"214":{"start":{"line":701,"column":6},"end":{"line":715,"column":null}},"215":{"start":{"line":702,"column":8},"end":{"line":713,"column":null}},"216":{"start":{"line":717,"column":6},"end":{"line":724,"column":null}},"217":{"start":{"line":718,"column":8},"end":{"line":718,"column":null}},"218":{"start":{"line":726,"column":6},"end":{"line":736,"column":null}},"219":{"start":{"line":727,"column":8},"end":{"line":727,"column":null}},"220":{"start":{"line":738,"column":6},"end":{"line":742,"column":null}}},"fnMap":{"0":{"name":"(anonymous_0)","decl":{"start":{"line":167,"column":13},"end":{"line":167,"column":33}},"loc":{"start":{"line":167,"column":69},"end":{"line":170,"column":null}},"line":167},"1":{"name":"(anonymous_1)","decl":{"start":{"line":172,"column":13},"end":{"line":172,"column":33}},"loc":{"start":{"line":172,"column":65},"end":{"line":174,"column":null}},"line":172},"2":{"name":"(anonymous_2)","decl":{"start":{"line":177,"column":13},"end":{"line":177,"column":32}},"loc":{"start":{"line":177,"column":98},"end":{"line":199,"column":null}},"line":177},"3":{"name":"(anonymous_3)","decl":{"start":{"line":202,"column":2},"end":{"line":202,"column":37}},"loc":{"start":{"line":202,"column":37},"end":{"line":204,"column":null}},"line":202},"4":{"name":"(anonymous_4)","decl":{"start":{"line":205,"column":2},"end":{"line":205,"column":22}},"loc":{"start":{"line":205,"column":69},"end":{"line":222,"column":null}},"line":205},"5":{"name":"(anonymous_5)","decl":{"start":{"line":218,"column":48},"end":{"line":218,"column":54}},"loc":{"start":{"line":218,"column":61},"end":{"line":218,"column":111}},"line":218},"6":{"name":"(anonymous_6)","decl":{"start":{"line":223,"column":2},"end":{"line":223,"column":25}},"loc":{"start":{"line":223,"column":53},"end":{"line":241,"column":null}},"line":223},"7":{"name":"(anonymous_7)","decl":{"start":{"line":227,"column":15},"end":{"line":227,"column":23}},"loc":{"start":{"line":227,"column":32},"end":{"line":232,"column":5}},"line":227},"8":{"name":"(anonymous_8)","decl":{"start":{"line":242,"column":2},"end":{"line":242,"column":22}},"loc":{"start":{"line":242,"column":22},"end":{"line":247,"column":null}},"line":242},"9":{"name":"(anonymous_9)","decl":{"start":{"line":251,"column":2},"end":{"line":251,"column":33}},"loc":{"start":{"line":251,"column":33},"end":{"line":253,"column":null}},"line":251},"10":{"name":"(anonymous_10)","decl":{"start":{"line":254,"column":2},"end":{"line":254,"column":null}},"loc":{"start":{"line":260,"column":21},"end":{"line":317,"column":null}},"line":260},"11":{"name":"(anonymous_11)","decl":{"start":{"line":303,"column":29},"end":{"line":303,"column":35}},"loc":{"start":{"line":303,"column":42},"end":{"line":303,"column":87}},"line":303},"12":{"name":"(anonymous_12)","decl":{"start":{"line":318,"column":2},"end":{"line":318,"column":14}},"loc":{"start":{"line":318,"column":45},"end":{"line":332,"column":null}},"line":318},"13":{"name":"(anonymous_13)","decl":{"start":{"line":320,"column":26},"end":{"line":320,"column":33}},"loc":{"start":{"line":320,"column":40},"end":{"line":320,"column":53}},"line":320},"14":{"name":"(anonymous_14)","decl":{"start":{"line":327,"column":24},"end":{"line":327,"column":30}},"loc":{"start":{"line":327,"column":37},"end":{"line":327,"column":85}},"line":327},"15":{"name":"(anonymous_15)","decl":{"start":{"line":333,"column":2},"end":{"line":333,"column":36}},"loc":{"start":{"line":333,"column":36},"end":{"line":335,"column":null}},"line":333},"16":{"name":"(anonymous_16)","decl":{"start":{"line":336,"column":2},"end":{"line":336,"column":22}},"loc":{"start":{"line":336,"column":82},"end":{"line":364,"column":null}},"line":336},"17":{"name":"(anonymous_17)","decl":{"start":{"line":341,"column":31},"end":{"line":341,"column":35}},"loc":{"start":{"line":341,"column":41},"end":{"line":347,"column":5}},"line":341},"18":{"name":"(anonymous_18)","decl":{"start":{"line":355,"column":30},"end":{"line":355,"column":36}},"loc":{"start":{"line":355,"column":43},"end":{"line":355,"column":98}},"line":355},"19":{"name":"(anonymous_19)","decl":{"start":{"line":365,"column":2},"end":{"line":365,"column":19}},"loc":{"start":{"line":365,"column":79},"end":{"line":374,"column":null}},"line":365},"20":{"name":"(anonymous_20)","decl":{"start":{"line":368,"column":16},"end":{"line":368,"column":20}},"loc":{"start":{"line":368,"column":28},"end":{"line":373,"column":5}},"line":368},"21":{"name":"(anonymous_21)","decl":{"start":{"line":373,"column":7},"end":{"line":373,"column":14}},"loc":{"start":{"line":373,"column":22},"end":{"line":373,"column":40}},"line":373},"22":{"name":"(anonymous_22)","decl":{"start":{"line":373,"column":42},"end":{"line":373,"column":48}},"loc":{"start":{"line":373,"column":57},"end":{"line":373,"column":74}},"line":373},"23":{"name":"(anonymous_23)","decl":{"start":{"line":377,"column":2},"end":{"line":377,"column":47}},"loc":{"start":{"line":377,"column":47},"end":{"line":379,"column":null}},"line":377},"24":{"name":"(anonymous_24)","decl":{"start":{"line":380,"column":2},"end":{"line":380,"column":23}},"loc":{"start":{"line":380,"column":61},"end":{"line":435,"column":null}},"line":380},"25":{"name":"(anonymous_25)","decl":{"start":{"line":381,"column":30},"end":{"line":381,"column":38}},"loc":{"start":{"line":381,"column":52},"end":{"line":381,"column":77}},"line":381},"26":{"name":"(anonymous_26)","decl":{"start":{"line":384,"column":32},"end":{"line":384,"column":null}},"loc":{"start":{"line":385,"column":21},"end":{"line":388,"column":null}},"line":385},"27":{"name":"(anonymous_27)","decl":{"start":{"line":414,"column":32},"end":{"line":414,"column":37}},"loc":{"start":{"line":414,"column":42},"end":{"line":414,"column":91}},"line":414},"28":{"name":"(anonymous_28)","decl":{"start":{"line":424,"column":35},"end":{"line":424,"column":40}},"loc":{"start":{"line":424,"column":45},"end":{"line":424,"column":101}},"line":424},"29":{"name":"(anonymous_29)","decl":{"start":{"line":440,"column":16},"end":{"line":440,"column":23}},"loc":{"start":{"line":440,"column":96},"end":{"line":635,"column":null}},"line":440},"30":{"name":"(anonymous_30)","decl":{"start":{"line":534,"column":47},"end":{"line":534,"column":52}},"loc":{"start":{"line":534,"column":65},"end":{"line":545,"column":7}},"line":534},"31":{"name":"(anonymous_31)","decl":{"start":{"line":560,"column":16},"end":{"line":560,"column":24}},"loc":{"start":{"line":560,"column":35},"end":{"line":560,"column":60}},"line":560},"32":{"name":"(anonymous_32)","decl":{"start":{"line":638,"column":21},"end":{"line":638,"column":28}},"loc":{"start":{"line":638,"column":91},"end":{"line":748,"column":null}},"line":638},"33":{"name":"(anonymous_33)","decl":{"start":{"line":642,"column":30},"end":{"line":642,"column":38}},"loc":{"start":{"line":642,"column":52},"end":{"line":642,"column":77}},"line":642},"34":{"name":"(anonymous_34)","decl":{"start":{"line":643,"column":32},"end":{"line":643,"column":null}},"loc":{"start":{"line":644,"column":21},"end":{"line":647,"column":null}},"line":644},"35":{"name":"(anonymous_35)","decl":{"start":{"line":698,"column":16},"end":{"line":698,"column":24}},"loc":{"start":{"line":698,"column":35},"end":{"line":698,"column":60}},"line":698}},"branchMap":{"0":{"loc":{"start":{"line":169,"column":9},"end":{"line":169,"column":null}},"type":"cond-expr","locations":[{"start":{"line":169,"column":16},"end":{"line":169,"column":35}},{"start":{"line":169,"column":35},"end":{"line":169,"column":null}}],"line":169},"1":{"loc":{"start":{"line":180,"column":2},"end":{"line":196,"column":null}},"type":"switch","locations":[{"start":{"line":181,"column":4},"end":{"line":184,"column":null}},{"start":{"line":185,"column":4},"end":{"line":187,"column":null}},{"start":{"line":188,"column":4},"end":{"line":191,"column":null}},{"start":{"line":192,"column":4},"end":{"line":195,"column":null}}],"line":180},"2":{"loc":{"start":{"line":182,"column":27},"end":{"line":182,"column":null}},"type":"binary-expr","locations":[{"start":{"line":182,"column":27},"end":{"line":182,"column":89}},{"start":{"line":182,"column":89},"end":{"line":182,"column":null}}],"line":182},"3":{"loc":{"start":{"line":189,"column":25},"end":{"line":189,"column":null}},"type":"binary-expr","locations":[{"start":{"line":189,"column":25},"end":{"line":189,"column":83}},{"start":{"line":189,"column":83},"end":{"line":189,"column":null}}],"line":189},"4":{"loc":{"start":{"line":193,"column":25},"end":{"line":193,"column":null}},"type":"binary-expr","locations":[{"start":{"line":193,"column":25},"end":{"line":193,"column":91}},{"start":{"line":193,"column":91},"end":{"line":193,"column":null}}],"line":193},"5":{"loc":{"start":{"line":210,"column":4},"end":{"line":212,"column":null}},"type":"if","locations":[{"start":{"line":210,"column":4},"end":{"line":212,"column":null}},{"start":{},"end":{}}],"line":210},"6":{"loc":{"start":{"line":216,"column":4},"end":{"line":219,"column":null}},"type":"if","locations":[{"start":{"line":216,"column":4},"end":{"line":219,"column":null}},{"start":{},"end":{}}],"line":216},"7":{"loc":{"start":{"line":228,"column":6},"end":{"line":231,"column":null}},"type":"if","locations":[{"start":{"line":228,"column":6},"end":{"line":231,"column":null}},{"start":{},"end":{}}],"line":228},"8":{"loc":{"start":{"line":228,"column":10},"end":{"line":228,"column":76}},"type":"binary-expr","locations":[{"start":{"line":228,"column":10},"end":{"line":228,"column":47}},{"start":{"line":228,"column":47},"end":{"line":228,"column":76}}],"line":228},"9":{"loc":{"start":{"line":234,"column":4},"end":{"line":240,"column":null}},"type":"if","locations":[{"start":{"line":234,"column":4},"end":{"line":240,"column":null}},{"start":{},"end":{}}],"line":234},"10":{"loc":{"start":{"line":264,"column":19},"end":{"line":264,"column":null}},"type":"binary-expr","locations":[{"start":{"line":264,"column":19},"end":{"line":264,"column":34}},{"start":{"line":264,"column":34},"end":{"line":264,"column":null}}],"line":264},"11":{"loc":{"start":{"line":265,"column":4},"end":{"line":280,"column":null}},"type":"if","locations":[{"start":{"line":265,"column":4},"end":{"line":280,"column":null}},{"start":{},"end":{}}],"line":265},"12":{"loc":{"start":{"line":266,"column":6},"end":{"line":279,"column":null}},"type":"if","locations":[{"start":{"line":266,"column":6},"end":{"line":279,"column":null}},{"start":{"line":267,"column":11},"end":{"line":279,"column":null}}],"line":266},"13":{"loc":{"start":{"line":267,"column":11},"end":{"line":279,"column":null}},"type":"if","locations":[{"start":{"line":267,"column":11},"end":{"line":279,"column":null}},{"start":{"line":268,"column":11},"end":{"line":279,"column":null}}],"line":267},"14":{"loc":{"start":{"line":268,"column":11},"end":{"line":279,"column":null}},"type":"if","locations":[{"start":{"line":268,"column":11},"end":{"line":279,"column":null}},{"start":{"line":273,"column":13},"end":{"line":279,"column":null}}],"line":268},"15":{"loc":{"start":{"line":269,"column":8},"end":{"line":272,"column":null}},"type":"if","locations":[{"start":{"line":269,"column":8},"end":{"line":272,"column":null}},{"start":{"line":270,"column":13},"end":{"line":272,"column":null}}],"line":269},"16":{"loc":{"start":{"line":270,"column":13},"end":{"line":272,"column":null}},"type":"if","locations":[{"start":{"line":270,"column":13},"end":{"line":272,"column":null}},{"start":{"line":271,"column":13},"end":{"line":272,"column":null}}],"line":270},"17":{"loc":{"start":{"line":271,"column":13},"end":{"line":272,"column":null}},"type":"if","locations":[{"start":{"line":271,"column":13},"end":{"line":272,"column":null}},{"start":{"line":272,"column":13},"end":{"line":272,"column":null}}],"line":271},"18":{"loc":{"start":{"line":274,"column":8},"end":{"line":278,"column":null}},"type":"if","locations":[{"start":{"line":274,"column":8},"end":{"line":278,"column":null}},{"start":{"line":275,"column":13},"end":{"line":278,"column":null}}],"line":274},"19":{"loc":{"start":{"line":275,"column":13},"end":{"line":278,"column":null}},"type":"if","locations":[{"start":{"line":275,"column":13},"end":{"line":278,"column":null}},{"start":{"line":276,"column":13},"end":{"line":278,"column":null}}],"line":275},"20":{"loc":{"start":{"line":275,"column":17},"end":{"line":275,"column":112}},"type":"binary-expr","locations":[{"start":{"line":275,"column":17},"end":{"line":275,"column":64}},{"start":{"line":275,"column":64},"end":{"line":275,"column":112}}],"line":275},"21":{"loc":{"start":{"line":276,"column":13},"end":{"line":278,"column":null}},"type":"if","locations":[{"start":{"line":276,"column":13},"end":{"line":278,"column":null}},{"start":{"line":277,"column":13},"end":{"line":278,"column":null}}],"line":276},"22":{"loc":{"start":{"line":276,"column":17},"end":{"line":276,"column":115}},"type":"binary-expr","locations":[{"start":{"line":276,"column":17},"end":{"line":276,"column":69}},{"start":{"line":276,"column":69},"end":{"line":276,"column":115}}],"line":276},"23":{"loc":{"start":{"line":277,"column":13},"end":{"line":278,"column":null}},"type":"if","locations":[{"start":{"line":277,"column":13},"end":{"line":278,"column":null}},{"start":{"line":278,"column":13},"end":{"line":278,"column":null}}],"line":277},"24":{"loc":{"start":{"line":301,"column":4},"end":{"line":304,"column":null}},"type":"if","locations":[{"start":{"line":301,"column":4},"end":{"line":304,"column":null}},{"start":{},"end":{}}],"line":301},"25":{"loc":{"start":{"line":325,"column":4},"end":{"line":328,"column":null}},"type":"if","locations":[{"start":{"line":325,"column":4},"end":{"line":328,"column":null}},{"start":{},"end":{}}],"line":325},"26":{"loc":{"start":{"line":342,"column":6},"end":{"line":345,"column":null}},"type":"if","locations":[{"start":{"line":342,"column":6},"end":{"line":345,"column":null}},{"start":{},"end":{}}],"line":342},"27":{"loc":{"start":{"line":353,"column":4},"end":{"line":356,"column":null}},"type":"if","locations":[{"start":{"line":353,"column":4},"end":{"line":356,"column":null}},{"start":{},"end":{}}],"line":353},"28":{"loc":{"start":{"line":369,"column":6},"end":{"line":371,"column":null}},"type":"if","locations":[{"start":{"line":369,"column":6},"end":{"line":371,"column":null}},{"start":{},"end":{}}],"line":369},"29":{"loc":{"start":{"line":382,"column":4},"end":{"line":382,"column":null}},"type":"if","locations":[{"start":{"line":382,"column":4},"end":{"line":382,"column":null}},{"start":{},"end":{}}],"line":382},"30":{"loc":{"start":{"line":396,"column":4},"end":{"line":403,"column":null}},"type":"if","locations":[{"start":{"line":396,"column":4},"end":{"line":403,"column":null}},{"start":{},"end":{}}],"line":396},"31":{"loc":{"start":{"line":405,"column":4},"end":{"line":412,"column":null}},"type":"if","locations":[{"start":{"line":405,"column":4},"end":{"line":412,"column":null}},{"start":{},"end":{}}],"line":405},"32":{"loc":{"start":{"line":414,"column":42},"end":{"line":414,"column":91}},"type":"binary-expr","locations":[{"start":{"line":414,"column":42},"end":{"line":414,"column":67}},{"start":{"line":414,"column":67},"end":{"line":414,"column":91}}],"line":414},"33":{"loc":{"start":{"line":415,"column":4},"end":{"line":422,"column":null}},"type":"if","locations":[{"start":{"line":415,"column":4},"end":{"line":422,"column":null}},{"start":{},"end":{}}],"line":415},"34":{"loc":{"start":{"line":415,"column":9},"end":{"line":415,"column":50}},"type":"binary-expr","locations":[{"start":{"line":415,"column":9},"end":{"line":415,"column":41}},{"start":{"line":415,"column":41},"end":{"line":415,"column":50}}],"line":415},"35":{"loc":{"start":{"line":424,"column":45},"end":{"line":424,"column":101}},"type":"binary-expr","locations":[{"start":{"line":424,"column":45},"end":{"line":424,"column":74}},{"start":{"line":424,"column":74},"end":{"line":424,"column":101}}],"line":424},"36":{"loc":{"start":{"line":425,"column":4},"end":{"line":432,"column":null}},"type":"if","locations":[{"start":{"line":425,"column":4},"end":{"line":432,"column":null}},{"start":{},"end":{}}],"line":425},"37":{"loc":{"start":{"line":425,"column":9},"end":{"line":425,"column":57}},"type":"binary-expr","locations":[{"start":{"line":425,"column":9},"end":{"line":425,"column":45}},{"start":{"line":425,"column":45},"end":{"line":425,"column":57}}],"line":425},"38":{"loc":{"start":{"line":441,"column":31},"end":{"line":441,"column":null}},"type":"binary-expr","locations":[{"start":{"line":441,"column":31},"end":{"line":441,"column":74}},{"start":{"line":441,"column":74},"end":{"line":441,"column":null}}],"line":441},"39":{"loc":{"start":{"line":477,"column":6},"end":{"line":486,"column":null}},"type":"if","locations":[{"start":{"line":477,"column":6},"end":{"line":486,"column":null}},{"start":{"line":484,"column":13},"end":{"line":486,"column":null}}],"line":477},"40":{"loc":{"start":{"line":506,"column":6},"end":{"line":508,"column":null}},"type":"if","locations":[{"start":{"line":506,"column":6},"end":{"line":508,"column":null}},{"start":{},"end":{}}],"line":506},"41":{"loc":{"start":{"line":506,"column":10},"end":{"line":506,"column":73}},"type":"binary-expr","locations":[{"start":{"line":506,"column":10},"end":{"line":506,"column":27}},{"start":{"line":506,"column":27},"end":{"line":506,"column":47}},{"start":{"line":506,"column":47},"end":{"line":506,"column":73}}],"line":506},"42":{"loc":{"start":{"line":532,"column":28},"end":{"line":532,"column":null}},"type":"binary-expr","locations":[{"start":{"line":532,"column":28},"end":{"line":532,"column":54}},{"start":{"line":532,"column":54},"end":{"line":532,"column":null}}],"line":532},"43":{"loc":{"start":{"line":536,"column":29},"end":{"line":536,"column":null}},"type":"binary-expr","locations":[{"start":{"line":536,"column":29},"end":{"line":536,"column":50}},{"start":{"line":536,"column":50},"end":{"line":536,"column":null}}],"line":536},"44":{"loc":{"start":{"line":563,"column":6},"end":{"line":580,"column":null}},"type":"if","locations":[{"start":{"line":563,"column":6},"end":{"line":580,"column":null}},{"start":{},"end":{}}],"line":563},"45":{"loc":{"start":{"line":563,"column":10},"end":{"line":563,"column":100}},"type":"binary-expr","locations":[{"start":{"line":563,"column":10},"end":{"line":563,"column":42}},{"start":{"line":563,"column":42},"end":{"line":563,"column":72}},{"start":{"line":563,"column":72},"end":{"line":563,"column":100}}],"line":563},"46":{"loc":{"start":{"line":582,"column":6},"end":{"line":598,"column":null}},"type":"if","locations":[{"start":{"line":582,"column":6},"end":{"line":598,"column":null}},{"start":{},"end":{}}],"line":582},"47":{"loc":{"start":{"line":582,"column":10},"end":{"line":582,"column":105}},"type":"binary-expr","locations":[{"start":{"line":582,"column":10},"end":{"line":582,"column":40}},{"start":{"line":582,"column":40},"end":{"line":582,"column":74}},{"start":{"line":582,"column":74},"end":{"line":582,"column":105}}],"line":582},"48":{"loc":{"start":{"line":600,"column":6},"end":{"line":617,"column":null}},"type":"if","locations":[{"start":{"line":600,"column":6},"end":{"line":617,"column":null}},{"start":{},"end":{}}],"line":600},"49":{"loc":{"start":{"line":600,"column":10},"end":{"line":600,"column":104}},"type":"binary-expr","locations":[{"start":{"line":600,"column":10},"end":{"line":600,"column":42}},{"start":{"line":600,"column":42},"end":{"line":600,"column":73}},{"start":{"line":600,"column":73},"end":{"line":600,"column":104}}],"line":600},"50":{"loc":{"start":{"line":639,"column":31},"end":{"line":639,"column":null}},"type":"binary-expr","locations":[{"start":{"line":639,"column":31},"end":{"line":639,"column":74}},{"start":{"line":639,"column":74},"end":{"line":639,"column":null}}],"line":639},"51":{"loc":{"start":{"line":651,"column":22},"end":{"line":651,"column":null}},"type":"cond-expr","locations":[{"start":{"line":651,"column":34},"end":{"line":651,"column":79}},{"start":{"line":651,"column":79},"end":{"line":651,"column":null}}],"line":651},"52":{"loc":{"start":{"line":652,"column":22},"end":{"line":652,"column":null}},"type":"cond-expr","locations":[{"start":{"line":652,"column":34},"end":{"line":652,"column":79}},{"start":{"line":652,"column":79},"end":{"line":652,"column":null}}],"line":652},"53":{"loc":{"start":{"line":653,"column":20},"end":{"line":653,"column":null}},"type":"cond-expr","locations":[{"start":{"line":653,"column":32},"end":{"line":653,"column":75}},{"start":{"line":653,"column":75},"end":{"line":653,"column":null}}],"line":653},"54":{"loc":{"start":{"line":654,"column":20},"end":{"line":654,"column":null}},"type":"cond-expr","locations":[{"start":{"line":654,"column":32},"end":{"line":654,"column":79}},{"start":{"line":654,"column":79},"end":{"line":654,"column":null}}],"line":654},"55":{"loc":{"start":{"line":690,"column":6},"end":{"line":692,"column":null}},"type":"if","locations":[{"start":{"line":690,"column":6},"end":{"line":692,"column":null}},{"start":{},"end":{}}],"line":690},"56":{"loc":{"start":{"line":690,"column":10},"end":{"line":690,"column":70}},"type":"binary-expr","locations":[{"start":{"line":690,"column":10},"end":{"line":690,"column":26}},{"start":{"line":690,"column":26},"end":{"line":690,"column":45}},{"start":{"line":690,"column":45},"end":{"line":690,"column":70}}],"line":690},"57":{"loc":{"start":{"line":701,"column":6},"end":{"line":715,"column":null}},"type":"if","locations":[{"start":{"line":701,"column":6},"end":{"line":715,"column":null}},{"start":{},"end":{}}],"line":701},"58":{"loc":{"start":{"line":701,"column":10},"end":{"line":701,"column":137}},"type":"binary-expr","locations":[{"start":{"line":701,"column":10},"end":{"line":701,"column":41}},{"start":{"line":701,"column":41},"end":{"line":701,"column":74}},{"start":{"line":701,"column":74},"end":{"line":701,"column":106}},{"start":{"line":701,"column":106},"end":{"line":701,"column":137}}],"line":701},"59":{"loc":{"start":{"line":709,"column":10},"end":{"line":713,"column":null}},"type":"cond-expr","locations":[{"start":{"line":710,"column":14},"end":{"line":710,"column":null}},{"start":{"line":711,"column":14},"end":{"line":713,"column":null}}],"line":709},"60":{"loc":{"start":{"line":711,"column":14},"end":{"line":713,"column":null}},"type":"cond-expr","locations":[{"start":{"line":712,"column":16},"end":{"line":712,"column":null}},{"start":{"line":713,"column":16},"end":{"line":713,"column":null}}],"line":711},"61":{"loc":{"start":{"line":717,"column":6},"end":{"line":724,"column":null}},"type":"if","locations":[{"start":{"line":717,"column":6},"end":{"line":724,"column":null}},{"start":{},"end":{}}],"line":717},"62":{"loc":{"start":{"line":717,"column":10},"end":{"line":717,"column":135}},"type":"binary-expr","locations":[{"start":{"line":717,"column":10},"end":{"line":717,"column":47}},{"start":{"line":717,"column":47},"end":{"line":717,"column":77}},{"start":{"line":717,"column":77},"end":{"line":717,"column":109}},{"start":{"line":717,"column":109},"end":{"line":717,"column":135}}],"line":717},"63":{"loc":{"start":{"line":726,"column":6},"end":{"line":736,"column":null}},"type":"if","locations":[{"start":{"line":726,"column":6},"end":{"line":736,"column":null}},{"start":{},"end":{}}],"line":726},"64":{"loc":{"start":{"line":726,"column":10},"end":{"line":726,"column":131}},"type":"binary-expr","locations":[{"start":{"line":726,"column":10},"end":{"line":726,"column":42}},{"start":{"line":726,"column":42},"end":{"line":726,"column":72}},{"start":{"line":726,"column":72},"end":{"line":726,"column":102}},{"start":{"line":726,"column":102},"end":{"line":726,"column":131}}],"line":726},"65":{"loc":{"start":{"line":742,"column":26},"end":{"line":742,"column":190}},"type":"cond-expr","locations":[{"start":{"line":742,"column":79},"end":{"line":742,"column":100}},{"start":{"line":742,"column":100},"end":{"line":742,"column":190}}],"line":742},"66":{"loc":{"start":{"line":742,"column":100},"end":{"line":742,"column":190}},"type":"cond-expr","locations":[{"start":{"line":742,"column":153},"end":{"line":742,"column":173}},{"start":{"line":742,"column":173},"end":{"line":742,"column":190}}],"line":742}},"s":{"0":3,"1":3,"2":3,"3":3,"4":3,"5":3,"6":3,"7":3,"8":3,"9":3,"10":8,"11":8,"12":3,"13":5,"14":3,"15":18,"16":18,"17":7,"18":7,"19":7,"20":3,"21":3,"22":4,"23":4,"24":4,"25":3,"26":3,"27":3,"28":18,"29":3,"30":4,"31":3,"32":3,"33":3,"34":3,"35":2,"36":3,"37":3,"38":3,"39":3,"40":0,"41":3,"42":2,"43":2,"44":2,"45":8,"46":1,"47":1,"48":2,"49":1,"50":1,"51":1,"52":1,"53":1,"54":1,"55":1,"56":1,"57":3,"58":0,"59":0,"60":0,"61":0,"62":0,"63":0,"64":0,"65":0,"66":0,"67":0,"68":0,"69":0,"70":0,"71":0,"72":0,"73":0,"74":0,"75":0,"76":0,"77":0,"78":0,"79":0,"80":0,"81":0,"82":0,"83":0,"84":0,"85":0,"86":0,"87":0,"88":0,"89":0,"90":0,"91":0,"92":0,"93":0,"94":0,"95":0,"96":0,"97":0,"98":0,"99":0,"100":0,"101":0,"102":0,"103":0,"104":0,"105":0,"106":0,"107":0,"108":0,"109":0,"110":0,"111":0,"112":0,"113":0,"114":0,"115":0,"116":0,"117":0,"118":0,"119":0,"120":0,"121":0,"122":0,"123":0,"124":0,"125":0,"126":0,"127":0,"128":0,"129":0,"130":0,"131":0,"132":0,"133":0,"134":0,"135":0,"136":0,"137":0,"138":0,"139":0,"140":0,"141":0,"142":0,"143":0,"144":0,"145":0,"146":0,"147":0,"148":0,"149":0,"150":0,"151":0,"152":0,"153":0,"154":3,"155":5,"156":5,"157":5,"158":5,"159":0,"160":5,"161":5,"162":1,"163":1,"164":0,"165":1,"166":1,"167":1,"168":1,"169":1,"170":1,"171":5,"172":1,"173":1,"174":1,"175":1,"176":5,"177":4,"178":4,"179":4,"180":4,"181":4,"182":1,"183":1,"184":3,"185":1,"186":1,"187":2,"188":1,"189":1,"190":1,"191":1,"192":1,"193":5,"194":5,"195":8,"196":5,"197":8,"198":8,"199":5,"200":5,"201":5,"202":5,"203":5,"204":5,"205":5,"206":1,"207":1,"208":1,"209":0,"210":4,"211":4,"212":4,"213":4,"214":4,"215":1,"216":3,"217":1,"218":2,"219":1,"220":1},"f":{"0":8,"1":5,"2":18,"3":4,"4":3,"5":0,"6":2,"7":8,"8":1,"9":0,"10":0,"11":0,"12":0,"13":0,"14":0,"15":0,"16":0,"17":0,"18":0,"19":0,"20":0,"21":0,"22":0,"23":0,"24":0,"25":0,"26":0,"27":0,"28":0,"29":5,"30":1,"31":4,"32":5,"33":8,"34":8,"35":4},"b":{"0":[2,6],"1":[7,3,4,3],"2":[7,1],"3":[4,1],"4":[3,1],"5":[2,1],"6":[3,0],"7":[1,7],"8":[8,6],"9":[1,1],"10":[0,0],"11":[0,0],"12":[0,0],"13":[0,0],"14":[0,0],"15":[0,0],"16":[0,0],"17":[0,0],"18":[0,0],"19":[0,0],"20":[0,0],"21":[0,0],"22":[0,0],"23":[0,0],"24":[0,0],"25":[0,0],"26":[0,0],"27":[0,0],"28":[0,0],"29":[0,0],"30":[0,0],"31":[0,0],"32":[0,0],"33":[0,0],"34":[0,0],"35":[0,0],"36":[0,0],"37":[0,0],"38":[5,0],"39":[0,5],"40":[0,1],"41":[1,1,1],"42":[1,0],"43":[1,0],"44":[1,3],"45":[4,3,3],"46":[1,2],"47":[3,2,2],"48":[1,1],"49":[2,1,1],"50":[5,0],"51":[4,1],"52":[4,1],"53":[4,1],"54":[4,1],"55":[1,0],"56":[1,1,1],"57":[1,3],"58":[4,3,3,3],"59":[0,1],"60":[1,0],"61":[1,2],"62":[3,2,2,2],"63":[1,1],"64":[2,1,1,1],"65":[0,1],"66":[1,0]},"meta":{"lastBranch":67,"lastFunction":36,"lastStatement":221,"seen":{"s:96:35:101:Infinity":0,"s:104:30:111:Infinity":1,"s:113:34:113:Infinity":2,"s:115:28:123:Infinity":3,"s:125:32:131:Infinity":4,"s:133:34:143:Infinity":5,"s:145:37:150:Infinity":6,"s:152:40:158:Infinity":7,"s:160:46:165:Infinity":8,"s:167:13:170:Infinity":9,"f:167:13:167:33":0,"s:168:15:168:Infinity":10,"s:169:2:169:Infinity":11,"b:169:16:169:35:169:35:169:Infinity":0,"s:172:13:174:Infinity":12,"f:172:13:172:33":1,"s:173:2:173:Infinity":13,"s:177:13:199:Infinity":14,"f:177:13:177:32":2,"s:178:12:178:Infinity":15,"b:181:4:184:Infinity:185:4:187:Infinity:188:4:191:Infinity:192:4:195:Infinity":1,"s:180:2:196:Infinity":16,"s:182:27:182:Infinity":17,"b:182:27:182:89:182:89:182:Infinity":2,"s:183:6:183:Infinity":18,"s:184:6:184:Infinity":19,"s:186:6:186:Infinity":20,"s:187:6:187:Infinity":21,"s:189:25:189:Infinity":22,"b:189:25:189:83:189:83:189:Infinity":3,"s:190:6:190:Infinity":23,"s:191:6:191:Infinity":24,"s:193:25:193:Infinity":25,"b:193:25:193:91:193:91:193:Infinity":4,"s:194:6:194:Infinity":26,"s:195:6:195:Infinity":27,"s:198:2:198:Infinity":28,"s:201:24:248:Infinity":29,"f:202:2:202:37":3,"s:203:4:203:Infinity":30,"f:205:2:205:22":4,"s:206:17:206:Infinity":31,"s:207:20:207:Infinity":32,"s:208:4:208:Infinity":33,"b:210:4:212:Infinity:undefined:undefined:undefined:undefined":5,"s:210:4:212:Infinity":34,"s:211:6:211:Infinity":35,"s:215:25:215:Infinity":36,"b:216:4:219:Infinity:undefined:undefined:undefined:undefined":6,"s:216:4:219:Infinity":37,"s:217:12:217:Infinity":38,"s:218:6:218:Infinity":39,"f:218:48:218:54":5,"s:218:61:218:111":40,"s:221:4:221:Infinity":41,"f:223:2:223:25":6,"s:224:26:224:Infinity":42,"s:225:34:225:Infinity":43,"s:227:4:232:Infinity":44,"f:227:15:227:23":7,"b:228:6:231:Infinity:undefined:undefined:undefined:undefined":7,"s:228:6:231:Infinity":45,"b:228:10:228:47:228:47:228:76":8,"s:229:8:229:Infinity":46,"s:230:8:230:Infinity":47,"b:234:4:240:Infinity:undefined:undefined:undefined:undefined":9,"s:234:4:240:Infinity":48,"s:235:22:235:Infinity":49,"s:236:6:236:Infinity":50,"s:238:22:238:Infinity":51,"s:239:6:239:Infinity":52,"f:242:2:242:22":8,"s:243:4:243:Infinity":53,"s:244:4:244:Infinity":54,"s:245:4:245:Infinity":55,"s:246:4:246:Infinity":56,"s:250:29:436:Infinity":57,"f:251:2:251:33":9,"s:252:4:252:Infinity":58,"f:254:2:254:Infinity":10,"s:261:17:261:Infinity":59,"s:264:19:264:Infinity":60,"b:264:19:264:34:264:34:264:Infinity":10,"b:265:4:280:Infinity:undefined:undefined:undefined:undefined":11,"s:265:4:280:Infinity":61,"b:266:6:279:Infinity:267:11:279:Infinity":12,"s:266:6:279:Infinity":62,"s:266:33:266:Infinity":63,"b:267:11:279:Infinity:268:11:279:Infinity":13,"s:267:11:279:Infinity":64,"s:267:38:267:Infinity":65,"b:268:11:279:Infinity:273:13:279:Infinity":14,"s:268:11:279:Infinity":66,"b:269:8:272:Infinity:270:13:272:Infinity":15,"s:269:8:272:Infinity":67,"s:269:56:269:Infinity":68,"b:270:13:272:Infinity:271:13:272:Infinity":16,"s:270:13:272:Infinity":69,"s:270:64:270:Infinity":70,"b:271:13:272:Infinity:272:13:272:Infinity":17,"s:271:13:272:Infinity":71,"s:271:62:271:Infinity":72,"s:272:13:272:Infinity":73,"b:274:8:278:Infinity:275:13:278:Infinity":18,"s:274:8:278:Infinity":74,"s:274:59:274:Infinity":75,"b:275:13:278:Infinity:276:13:278:Infinity":19,"s:275:13:278:Infinity":76,"b:275:17:275:64:275:64:275:112":20,"s:275:112:275:Infinity":77,"b:276:13:278:Infinity:277:13:278:Infinity":21,"s:276:13:278:Infinity":78,"b:276:17:276:69:276:69:276:115":22,"s:276:115:276:Infinity":79,"b:277:13:278:Infinity:278:13:278:Infinity":23,"s:277:13:278:Infinity":80,"s:277:63:277:Infinity":81,"s:278:13:278:Infinity":82,"s:283:25:283:Infinity":83,"s:285:33:294:Infinity":84,"s:296:24:296:Infinity":85,"s:297:4:297:Infinity":86,"s:300:25:300:Infinity":87,"b:301:4:304:Infinity:undefined:undefined:undefined:undefined":24,"s:301:4:304:Infinity":88,"s:302:12:302:Infinity":89,"s:303:6:303:Infinity":90,"f:303:29:303:35":11,"s:303:42:303:87":91,"s:307:17:307:Infinity":92,"s:308:4:311:Infinity":93,"s:314:4:314:Infinity":94,"s:316:4:316:Infinity":95,"f:318:2:318:14":12,"s:319:17:319:Infinity":96,"s:320:21:320:Infinity":97,"f:320:26:320:33":13,"s:320:40:320:53":98,"s:321:4:321:Infinity":99,"s:324:25:324:Infinity":100,"b:325:4:328:Infinity:undefined:undefined:undefined:undefined":25,"s:325:4:328:Infinity":101,"s:326:12:326:Infinity":102,"s:327:6:327:Infinity":103,"f:327:24:327:30":14,"s:327:37:327:85":104,"s:330:4:330:Infinity":105,"s:331:4:331:Infinity":106,"f:333:2:333:36":15,"s:334:4:334:Infinity":107,"f:336:2:336:22":16,"s:337:23:337:Infinity":108,"s:338:17:338:Infinity":109,"s:341:20:347:Infinity":110,"f:341:31:341:35":17,"b:342:6:345:Infinity:undefined:undefined:undefined:undefined":26,"s:342:6:345:Infinity":111,"s:343:8:343:Infinity":112,"s:344:8:344:Infinity":113,"s:346:6:346:Infinity":114,"s:349:4:349:Infinity":115,"s:352:25:352:Infinity":116,"b:353:4:356:Infinity:undefined:undefined:undefined:undefined":27,"s:353:4:356:Infinity":117,"s:354:12:354:Infinity":118,"s:355:6:355:Infinity":119,"f:355:30:355:36":18,"s:355:43:355:98":120,"s:358:24:361:Infinity":121,"s:363:4:363:Infinity":122,"f:365:2:365:19":19,"s:366:17:366:Infinity":123,"s:367:17:367:Infinity":124,"s:368:4:373:Infinity":125,"f:368:16:368:20":20,"b:369:6:371:Infinity:undefined:undefined:undefined:undefined":28,"s:369:6:371:Infinity":126,"s:370:8:370:Infinity":127,"s:372:6:372:Infinity":128,"f:373:7:373:14":21,"s:373:22:373:40":129,"f:373:42:373:48":22,"s:373:57:373:74":130,"f:377:2:377:47":23,"s:378:4:378:Infinity":131,"f:380:2:380:23":24,"s:381:18:381:Infinity":132,"f:381:30:381:38":25,"s:381:52:381:77":133,"b:382:4:382:Infinity:undefined:undefined:undefined:undefined":29,"s:382:4:382:Infinity":134,"s:382:20:382:Infinity":135,"s:384:20:390:Infinity":136,"f:384:32:384:Infinity":26,"s:386:8:386:Infinity":137,"s:387:8:387:Infinity":138,"s:392:40:392:Infinity":139,"s:393:20:393:Infinity":140,"b:396:4:403:Infinity:undefined:undefined:undefined:undefined":30,"s:396:4:403:Infinity":141,"s:397:6:402:Infinity":142,"b:405:4:412:Infinity:undefined:undefined:undefined:undefined":31,"s:405:4:412:Infinity":143,"s:406:6:411:Infinity":144,"s:414:20:414:Infinity":145,"f:414:32:414:37":27,"s:414:42:414:91":146,"b:414:42:414:67:414:67:414:91":32,"b:415:4:422:Infinity:undefined:undefined:undefined:undefined":33,"s:415:4:422:Infinity":147,"b:415:9:415:41:415:41:415:50":34,"s:416:6:421:Infinity":148,"s:424:23:424:Infinity":149,"f:424:35:424:40":28,"s:424:45:424:101":150,"b:424:45:424:74:424:74:424:101":35,"b:425:4:432:Infinity:undefined:undefined:undefined:undefined":36,"s:425:4:432:Infinity":151,"b:425:9:425:45:425:45:425:57":37,"s:426:6:431:Infinity":152,"s:434:4:434:Infinity":153,"s:438:28:749:Infinity":154,"f:440:16:440:23":29,"s:441:31:441:Infinity":155,"b:441:31:441:74:441:74:441:Infinity":38,"s:443:4:634:Infinity":156,"s:444:32:475:Infinity":157,"b:477:6:486:Infinity:484:13:486:Infinity":39,"s:477:6:486:Infinity":158,"s:478:8:483:Infinity":159,"s:485:8:485:Infinity":160,"s:488:23:503:Infinity":161,"s:505:19:505:Infinity":162,"b:506:6:508:Infinity:undefined:undefined:undefined:undefined":40,"s:506:6:508:Infinity":163,"b:506:10:506:27:506:27:506:47:506:47:506:73":41,"s:507:8:507:Infinity":164,"s:510:25:510:Infinity":165,"s:511:6:511:Infinity":166,"s:513:21:513:Infinity":167,"s:515:24:529:Infinity":168,"s:531:26:531:Infinity":169,"s:532:28:532:Infinity":170,"b:532:28:532:54:532:54:532:Infinity":42,"s:534:27:545:Infinity":171,"f:534:47:534:52":30,"s:535:23:535:Infinity":172,"s:536:29:536:Infinity":173,"b:536:29:536:50:536:50:536:Infinity":43,"s:537:31:537:Infinity":174,"s:538:8:544:Infinity":175,"s:547:6:555:Infinity":176,"s:558:6:558:Infinity":177,"s:560:6:560:Infinity":178,"f:560:16:560:24":31,"s:560:35:560:60":179,"s:561:24:561:Infinity":180,"b:563:6:580:Infinity:undefined:undefined:undefined:undefined":44,"s:563:6:580:Infinity":181,"b:563:10:563:42:563:42:563:72:563:72:563:100":45,"s:564:23:564:Infinity":182,"s:565:8:579:Infinity":183,"b:582:6:598:Infinity:undefined:undefined:undefined:undefined":46,"s:582:6:598:Infinity":184,"b:582:10:582:40:582:40:582:74:582:74:582:105":47,"s:583:20:583:Infinity":185,"s:584:8:597:Infinity":186,"b:600:6:617:Infinity:undefined:undefined:undefined:undefined":48,"s:600:6:617:Infinity":187,"b:600:10:600:42:600:42:600:73:600:73:600:104":49,"s:601:23:601:Infinity":188,"s:602:31:602:Infinity":189,"s:603:8:616:Infinity":190,"s:619:21:619:Infinity":191,"s:620:6:633:Infinity":192,"f:638:21:638:28":32,"s:639:31:639:Infinity":193,"b:639:31:639:74:639:74:639:Infinity":50,"s:642:18:642:Infinity":194,"f:642:30:642:38":33,"s:642:52:642:77":195,"s:643:20:649:Infinity":196,"f:643:32:643:Infinity":34,"s:645:8:645:Infinity":197,"s:646:8:646:Infinity":198,"s:651:22:651:Infinity":199,"b:651:34:651:79:651:79:651:Infinity":51,"s:652:22:652:Infinity":200,"b:652:34:652:79:652:79:652:Infinity":52,"s:653:20:653:Infinity":201,"b:653:32:653:75:653:75:653:Infinity":53,"s:654:20:654:Infinity":202,"b:654:32:654:79:654:79:654:Infinity":54,"s:656:4:747:Infinity":203,"s:657:27:661:Infinity":204,"s:671:23:687:Infinity":205,"s:689:19:689:Infinity":206,"b:690:6:692:Infinity:undefined:undefined:undefined:undefined":55,"s:690:6:692:Infinity":207,"b:690:10:690:26:690:26:690:45:690:45:690:70":56,"s:691:8:691:Infinity":208,"s:693:6:693:Infinity":209,"s:696:6:696:Infinity":210,"s:698:6:698:Infinity":211,"f:698:16:698:24":35,"s:698:35:698:60":212,"s:699:24:699:Infinity":213,"b:701:6:715:Infinity:undefined:undefined:undefined:undefined":57,"s:701:6:715:Infinity":214,"b:701:10:701:41:701:41:701:74:701:74:701:106:701:106:701:137":58,"s:702:8:713:Infinity":215,"b:710:14:710:Infinity:711:14:713:Infinity":59,"b:712:16:712:Infinity:713:16:713:Infinity":60,"b:717:6:724:Infinity:undefined:undefined:undefined:undefined":61,"s:717:6:724:Infinity":216,"b:717:10:717:47:717:47:717:77:717:77:717:109:717:109:717:135":62,"s:718:8:718:Infinity":217,"b:726:6:736:Infinity:undefined:undefined:undefined:undefined":63,"s:726:6:736:Infinity":218,"b:726:10:726:42:726:42:726:72:726:72:726:102:726:102:726:131":64,"s:727:8:727:Infinity":219,"s:738:6:742:Infinity":220,"b:742:79:742:100:742:100:742:190":65,"b:742:153:742:173:742:173:742:190":66},"fnNames":{}}}
,"C:\\Users\\Shoba\\Downloads\\carbon reduce\\src\\utils\\validation.ts": {"path":"C:\\Users\\Shoba\\Downloads\\carbon reduce\\src\\utils\\validation.ts","statementMap":{"0":{"start":{"line":9,"column":2},"end":{"line":11,"column":null}},"1":{"start":{"line":10,"column":4},"end":{"line":10,"column":null}},"2":{"start":{"line":12,"column":14},"end":{"line":12,"column":null}},"3":{"start":{"line":13,"column":2},"end":{"line":13,"column":null}},"4":{"start":{"line":20,"column":2},"end":{"line":20,"column":null}},"5":{"start":{"line":20,"column":14},"end":{"line":20,"column":null}},"6":{"start":{"line":22,"column":21},"end":{"line":22,"column":null}},"7":{"start":{"line":23,"column":2},"end":{"line":23,"column":null}},"8":{"start":{"line":34,"column":2},"end":{"line":36,"column":null}},"9":{"start":{"line":35,"column":4},"end":{"line":35,"column":null}},"10":{"start":{"line":38,"column":17},"end":{"line":38,"column":null}},"11":{"start":{"line":39,"column":2},"end":{"line":41,"column":null}},"12":{"start":{"line":40,"column":4},"end":{"line":40,"column":null}},"13":{"start":{"line":43,"column":2},"end":{"line":45,"column":null}},"14":{"start":{"line":44,"column":4},"end":{"line":44,"column":null}},"15":{"start":{"line":47,"column":2},"end":{"line":47,"column":null}},"16":{"start":{"line":54,"column":2},"end":{"line":67,"column":null}},"17":{"start":{"line":56,"column":6},"end":{"line":56,"column":null}},"18":{"start":{"line":60,"column":6},"end":{"line":60,"column":null}},"19":{"start":{"line":62,"column":6},"end":{"line":62,"column":null}},"20":{"start":{"line":64,"column":6},"end":{"line":64,"column":null}},"21":{"start":{"line":66,"column":6},"end":{"line":66,"column":null}},"22":{"start":{"line":74,"column":2},"end":{"line":76,"column":null}},"23":{"start":{"line":75,"column":4},"end":{"line":75,"column":null}},"24":{"start":{"line":77,"column":2},"end":{"line":79,"column":null}},"25":{"start":{"line":78,"column":4},"end":{"line":78,"column":null}},"26":{"start":{"line":80,"column":2},"end":{"line":82,"column":null}},"27":{"start":{"line":81,"column":4},"end":{"line":81,"column":null}},"28":{"start":{"line":83,"column":2},"end":{"line":85,"column":null}},"29":{"start":{"line":84,"column":4},"end":{"line":84,"column":null}},"30":{"start":{"line":86,"column":2},"end":{"line":86,"column":null}},"31":{"start":{"line":93,"column":2},"end":{"line":95,"column":null}},"32":{"start":{"line":94,"column":4},"end":{"line":94,"column":null}},"33":{"start":{"line":96,"column":2},"end":{"line":98,"column":null}},"34":{"start":{"line":97,"column":4},"end":{"line":97,"column":null}},"35":{"start":{"line":99,"column":2},"end":{"line":101,"column":null}},"36":{"start":{"line":100,"column":4},"end":{"line":100,"column":null}},"37":{"start":{"line":102,"column":2},"end":{"line":102,"column":null}}},"fnMap":{"0":{"name":"validateRequired","decl":{"start":{"line":8,"column":16},"end":{"line":8,"column":33}},"loc":{"start":{"line":8,"column":85},"end":{"line":14,"column":null}},"line":8},"1":{"name":"validateEmail","decl":{"start":{"line":19,"column":16},"end":{"line":19,"column":30}},"loc":{"start":{"line":19,"column":54},"end":{"line":24,"column":null}},"line":19},"2":{"name":"validateNumericInput","decl":{"start":{"line":29,"column":16},"end":{"line":29,"column":37}},"loc":{"start":{"line":33,"column":2},"end":{"line":48,"column":null}},"line":33},"3":{"name":"getAuthErrorMessage","decl":{"start":{"line":53,"column":16},"end":{"line":53,"column":36}},"loc":{"start":{"line":53,"column":110},"end":{"line":68,"column":null}},"line":53},"4":{"name":"validateRegistrationInput","decl":{"start":{"line":73,"column":16},"end":{"line":73,"column":42}},"loc":{"start":{"line":73,"column":119},"end":{"line":87,"column":null}},"line":73},"5":{"name":"validateLoginInput","decl":{"start":{"line":92,"column":16},"end":{"line":92,"column":35}},"loc":{"start":{"line":92,"column":112},"end":{"line":103,"column":null}},"line":92}},"branchMap":{"0":{"loc":{"start":{"line":9,"column":2},"end":{"line":11,"column":null}},"type":"if","locations":[{"start":{"line":9,"column":2},"end":{"line":11,"column":null}},{"start":{},"end":{}}],"line":9},"1":{"loc":{"start":{"line":9,"column":6},"end":{"line":9,"column":45}},"type":"binary-expr","locations":[{"start":{"line":9,"column":6},"end":{"line":9,"column":24}},{"start":{"line":9,"column":24},"end":{"line":9,"column":45}}],"line":9},"2":{"loc":{"start":{"line":20,"column":2},"end":{"line":20,"column":null}},"type":"if","locations":[{"start":{"line":20,"column":2},"end":{"line":20,"column":null}},{"start":{},"end":{}}],"line":20},"3":{"loc":{"start":{"line":34,"column":2},"end":{"line":36,"column":null}},"type":"if","locations":[{"start":{"line":34,"column":2},"end":{"line":36,"column":null}},{"start":{},"end":{}}],"line":34},"4":{"loc":{"start":{"line":34,"column":6},"end":{"line":34,"column":61}},"type":"binary-expr","locations":[{"start":{"line":34,"column":6},"end":{"line":34,"column":24}},{"start":{"line":34,"column":24},"end":{"line":34,"column":47}},{"start":{"line":34,"column":47},"end":{"line":34,"column":61}}],"line":34},"5":{"loc":{"start":{"line":39,"column":2},"end":{"line":41,"column":null}},"type":"if","locations":[{"start":{"line":39,"column":2},"end":{"line":41,"column":null}},{"start":{},"end":{}}],"line":39},"6":{"loc":{"start":{"line":43,"column":2},"end":{"line":45,"column":null}},"type":"if","locations":[{"start":{"line":43,"column":2},"end":{"line":45,"column":null}},{"start":{},"end":{}}],"line":43},"7":{"loc":{"start":{"line":53,"column":50},"end":{"line":53,"column":110}},"type":"default-arg","locations":[{"start":{"line":53,"column":76},"end":{"line":53,"column":110}}],"line":53},"8":{"loc":{"start":{"line":54,"column":2},"end":{"line":67,"column":null}},"type":"switch","locations":[{"start":{"line":55,"column":4},"end":{"line":56,"column":null}},{"start":{"line":57,"column":4},"end":{"line":57,"column":null}},{"start":{"line":58,"column":4},"end":{"line":58,"column":null}},{"start":{"line":59,"column":4},"end":{"line":60,"column":null}},{"start":{"line":61,"column":4},"end":{"line":62,"column":null}},{"start":{"line":63,"column":4},"end":{"line":64,"column":null}},{"start":{"line":65,"column":4},"end":{"line":66,"column":null}}],"line":54},"9":{"loc":{"start":{"line":74,"column":2},"end":{"line":76,"column":null}},"type":"if","locations":[{"start":{"line":74,"column":2},"end":{"line":76,"column":null}},{"start":{},"end":{}}],"line":74},"10":{"loc":{"start":{"line":77,"column":2},"end":{"line":79,"column":null}},"type":"if","locations":[{"start":{"line":77,"column":2},"end":{"line":79,"column":null}},{"start":{},"end":{}}],"line":77},"11":{"loc":{"start":{"line":80,"column":2},"end":{"line":82,"column":null}},"type":"if","locations":[{"start":{"line":80,"column":2},"end":{"line":82,"column":null}},{"start":{},"end":{}}],"line":80},"12":{"loc":{"start":{"line":83,"column":2},"end":{"line":85,"column":null}},"type":"if","locations":[{"start":{"line":83,"column":2},"end":{"line":85,"column":null}},{"start":{},"end":{}}],"line":83},"13":{"loc":{"start":{"line":93,"column":2},"end":{"line":95,"column":null}},"type":"if","locations":[{"start":{"line":93,"column":2},"end":{"line":95,"column":null}},{"start":{},"end":{}}],"line":93},"14":{"loc":{"start":{"line":96,"column":2},"end":{"line":98,"column":null}},"type":"if","locations":[{"start":{"line":96,"column":2},"end":{"line":98,"column":null}},{"start":{},"end":{}}],"line":96},"15":{"loc":{"start":{"line":99,"column":2},"end":{"line":101,"column":null}},"type":"if","locations":[{"start":{"line":99,"column":2},"end":{"line":101,"column":null}},{"start":{},"end":{}}],"line":99}},"s":{"0":20,"1":2,"2":18,"3":18,"4":16,"5":1,"6":15,"7":15,"8":9,"9":2,"10":7,"11":7,"12":2,"13":5,"14":3,"15":2,"16":7,"17":1,"18":3,"19":1,"20":1,"21":1,"22":4,"23":1,"24":3,"25":1,"26":2,"27":0,"28":2,"29":1,"30":1,"31":5,"32":2,"33":3,"34":1,"35":2,"36":1,"37":1},"f":{"0":20,"1":16,"2":9,"3":7,"4":4,"5":5},"b":{"0":[2,18],"1":[20,19],"2":[1,15],"3":[2,7],"4":[9,8,8],"5":[2,5],"6":[3,2],"7":[7],"8":[1,1,2,3,1,1,1],"9":[1,3],"10":[1,2],"11":[0,2],"12":[1,1],"13":[2,3],"14":[1,2],"15":[1,1]},"meta":{"lastBranch":16,"lastFunction":6,"lastStatement":38,"seen":{"f:8:16:8:33":0,"b:9:2:11:Infinity:undefined:undefined:undefined:undefined":0,"s:9:2:11:Infinity":0,"b:9:6:9:24:9:24:9:45":1,"s:10:4:10:Infinity":1,"s:12:14:12:Infinity":2,"s:13:2:13:Infinity":3,"f:19:16:19:30":1,"b:20:2:20:Infinity:undefined:undefined:undefined:undefined":2,"s:20:2:20:Infinity":4,"s:20:14:20:Infinity":5,"s:22:21:22:Infinity":6,"s:23:2:23:Infinity":7,"f:29:16:29:37":2,"b:34:2:36:Infinity:undefined:undefined:undefined:undefined":3,"s:34:2:36:Infinity":8,"b:34:6:34:24:34:24:34:47:34:47:34:61":4,"s:35:4:35:Infinity":9,"s:38:17:38:Infinity":10,"b:39:2:41:Infinity:undefined:undefined:undefined:undefined":5,"s:39:2:41:Infinity":11,"s:40:4:40:Infinity":12,"b:43:2:45:Infinity:undefined:undefined:undefined:undefined":6,"s:43:2:45:Infinity":13,"s:44:4:44:Infinity":14,"s:47:2:47:Infinity":15,"f:53:16:53:36":3,"b:53:76:53:110":7,"b:55:4:56:Infinity:57:4:57:Infinity:58:4:58:Infinity:59:4:60:Infinity:61:4:62:Infinity:63:4:64:Infinity:65:4:66:Infinity":8,"s:54:2:67:Infinity":16,"s:56:6:56:Infinity":17,"s:60:6:60:Infinity":18,"s:62:6:62:Infinity":19,"s:64:6:64:Infinity":20,"s:66:6:66:Infinity":21,"f:73:16:73:42":4,"b:74:2:76:Infinity:undefined:undefined:undefined:undefined":9,"s:74:2:76:Infinity":22,"s:75:4:75:Infinity":23,"b:77:2:79:Infinity:undefined:undefined:undefined:undefined":10,"s:77:2:79:Infinity":24,"s:78:4:78:Infinity":25,"b:80:2:82:Infinity:undefined:undefined:undefined:undefined":11,"s:80:2:82:Infinity":26,"s:81:4:81:Infinity":27,"b:83:2:85:Infinity:undefined:undefined:undefined:undefined":12,"s:83:2:85:Infinity":28,"s:84:4:84:Infinity":29,"s:86:2:86:Infinity":30,"f:92:16:92:35":5,"b:93:2:95:Infinity:undefined:undefined:undefined:undefined":13,"s:93:2:95:Infinity":31,"s:94:4:94:Infinity":32,"b:96:2:98:Infinity:undefined:undefined:undefined:undefined":14,"s:96:2:98:Infinity":33,"s:97:4:97:Infinity":34,"b:99:2:101:Infinity:undefined:undefined:undefined:undefined":15,"s:99:2:101:Infinity":35,"s:100:4:100:Infinity":36,"s:102:2:102:Infinity":37},"fnNames":{}}}
}
